<?xml version="1.0" encoding="UTF-8" ?>
<testsuites>
  <testsuite errors="1" failures="0" hostname="vaibhav" id="0" name="Filter" package="org.junit.runner.manipulation" skipped="0" tests="1" time="0.003" timestamp="2015-11-01T10:26:42">
      <properties />

      <testcase classname="org.junit.runner.manipulation.Filter" name="initializationError" time="0.003">
          <error message="No tests found matching grails test target pattern filter from org.junit.runner.Request$1@6a442dbd" type="java.lang.Exception">java.lang.Exception: No tests found matching grails test target pattern filter from org.junit.runner.Request$1@6a442dbd
</error>

      </testcase>

      <system-out><![CDATA[--Output from initializationError--
]]></system-out>

      <system-err><![CDATA[--Output from initializationError--
]]></system-err>

  </testsuite>
</testsuites>
